<?xml version="1.0" encoding="UTF-8"?>
<coverage generated="1580636712009" clover="3.2.0">
  <project timestamp="1580636712009" name="All files">
    <metrics statements="51" coveredstatements="51" conditionals="32" coveredconditionals="28" methods="25" coveredmethods="25" elements="108" coveredelements="104" complexity="0" loc="51" ncloc="51" packages="4" files="5" classes="5"/>
    <package name="src">
      <metrics statements="13" coveredstatements="13" conditionals="13" coveredconditionals="13" methods="8" coveredmethods="8"/>
      <file name="counter.js" path="/Users/dong-wongim/Downloads/frontend-testing/src/counter.js">
        <metrics statements="7" coveredstatements="7" conditionals="9" coveredconditionals="9" methods="6" coveredmethods="6"/>
        <line num="2" count="10" type="cond" truecount="2" falsecount="0"/>
        <line num="3" count="10" type="stmt"/>
        <line num="5" count="4" type="stmt"/>
        <line num="8" count="2" type="cond" truecount="2" falsecount="0"/>
        <line num="11" count="2" type="cond" truecount="2" falsecount="0"/>
        <line num="14" count="2" type="cond" truecount="2" falsecount="0"/>
        <line num="17" count="2" type="stmt"/>
      </file>
      <file name="util.js" path="/Users/dong-wongim/Downloads/frontend-testing/src/util.js">
        <metrics statements="6" coveredstatements="6" conditionals="4" coveredconditionals="4" methods="2" coveredmethods="2"/>
        <line num="2" count="3" type="stmt"/>
        <line num="6" count="4" type="cond" truecount="2" falsecount="0"/>
        <line num="7" count="2" type="stmt"/>
        <line num="9" count="2" type="stmt"/>
        <line num="10" count="2" type="stmt"/>
        <line num="11" count="2" type="stmt"/>
      </file>
    </package>
    <package name="src.backup">
      <metrics statements="12" coveredstatements="12" conditionals="11" coveredconditionals="9" methods="6" coveredmethods="6"/>
      <file name="counter.js" path="/Users/dong-wongim/Downloads/frontend-testing/src/backup/counter.js">
        <metrics statements="12" coveredstatements="12" conditionals="11" coveredconditionals="9" methods="6" coveredmethods="6"/>
        <line num="1" count="5" type="cond" truecount="1" falsecount="0"/>
        <line num="2" count="20" type="cond" truecount="2" falsecount="0"/>
        <line num="3" count="20" type="cond" truecount="2" falsecount="0"/>
        <line num="4" count="20" type="cond" truecount="2" falsecount="0"/>
        <line num="6" count="20" type="stmt"/>
        <line num="8" count="35" type="stmt"/>
        <line num="11" count="10" type="cond" truecount="1" falsecount="1"/>
        <line num="12" count="10" type="stmt"/>
        <line num="16" count="10" type="cond" truecount="1" falsecount="1"/>
        <line num="17" count="10" type="stmt"/>
        <line num="21" count="35" type="stmt"/>
        <line num="24" count="35" type="stmt"/>
      </file>
    </package>
    <package name="src.serverCounter">
      <metrics statements="13" coveredstatements="13" conditionals="4" coveredconditionals="2" methods="7" coveredmethods="7"/>
      <file name="counter.js" path="/Users/dong-wongim/Downloads/frontend-testing/src/serverCounter/counter.js">
        <metrics statements="13" coveredstatements="13" conditionals="4" coveredconditionals="2" methods="7" coveredmethods="7"/>
        <line num="6" count="5" type="stmt"/>
        <line num="7" count="5" type="stmt"/>
        <line num="10" count="7" type="cond" truecount="1" falsecount="1"/>
        <line num="11" count="7" type="cond" truecount="1" falsecount="1"/>
        <line num="13" count="7" type="stmt"/>
        <line num="20" count="5" type="stmt"/>
        <line num="21" count="5" type="stmt"/>
        <line num="24" count="5" type="stmt"/>
        <line num="25" count="1" type="stmt"/>
        <line num="26" count="1" type="stmt"/>
        <line num="30" count="5" type="stmt"/>
        <line num="31" count="1" type="stmt"/>
        <line num="32" count="1" type="stmt"/>
      </file>
    </package>
    <package name="src.uiCounter">
      <metrics statements="13" coveredstatements="13" conditionals="4" coveredconditionals="4" methods="4" coveredmethods="4"/>
      <file name="counter.js" path="/Users/dong-wongim/Downloads/frontend-testing/src/uiCounter/counter.js">
        <metrics statements="13" coveredstatements="13" conditionals="4" coveredconditionals="4" methods="4" coveredmethods="4"/>
        <line num="5" count="20" type="stmt"/>
        <line num="6" count="20" type="stmt"/>
        <line num="9" count="42" type="stmt"/>
        <line num="10" count="42" type="cond" truecount="2" falsecount="0"/>
        <line num="11" count="42" type="cond" truecount="2" falsecount="0"/>
        <line num="13" count="42" type="stmt"/>
        <line num="20" count="20" type="stmt"/>
        <line num="22" count="20" type="stmt"/>
        <line num="23" count="11" type="stmt"/>
        <line num="24" count="11" type="stmt"/>
        <line num="27" count="20" type="stmt"/>
        <line num="28" count="11" type="stmt"/>
        <line num="29" count="11" type="stmt"/>
      </file>
    </package>
  </project>
</coverage>
