<?xml version="1.0" encoding="UTF-8"?>
<coverage generated="1579077235744" clover="3.2.0">
  <project timestamp="1579077235744" name="All files">
    <metrics statements="49" coveredstatements="45" conditionals="26" coveredconditionals="22" methods="25" coveredmethods="21" elements="100" coveredelements="88" complexity="0" loc="49" ncloc="49" packages="4" files="5" classes="5"/>
    <package name="src">
      <metrics statements="11" coveredstatements="11" conditionals="7" coveredconditionals="7" methods="8" coveredmethods="8"/>
      <file name="counter.js" path="/Users/dong-wongim/Downloads/frontend-testing/src/counter.js">
        <metrics statements="7" coveredstatements="7" conditionals="3" coveredconditionals="3" methods="6" coveredmethods="6"/>
        <line num="2" count="7" type="cond" truecount="2" falsecount="0"/>
        <line num="3" count="7" type="stmt"/>
        <line num="5" count="4" type="stmt"/>
        <line num="8" count="1" type="stmt"/>
        <line num="11" count="1" type="stmt"/>
        <line num="14" count="1" type="stmt"/>
        <line num="17" count="2" type="stmt"/>
      </file>
      <file name="util.js" path="/Users/dong-wongim/Downloads/frontend-testing/src/util.js">
        <metrics statements="4" coveredstatements="4" conditionals="4" coveredconditionals="4" methods="2" coveredmethods="2"/>
        <line num="2" count="3" type="stmt"/>
        <line num="6" count="4" type="cond" truecount="2" falsecount="0"/>
        <line num="7" count="2" type="stmt"/>
        <line num="9" count="2" type="stmt"/>
      </file>
    </package>
    <package name="src.backup">
      <metrics statements="12" coveredstatements="12" conditionals="11" coveredconditionals="9" methods="6" coveredmethods="6"/>
      <file name="counter.js" path="/Users/dong-wongim/Downloads/frontend-testing/src/backup/counter.js">
        <metrics statements="12" coveredstatements="12" conditionals="11" coveredconditionals="9" methods="6" coveredmethods="6"/>
        <line num="1" count="5" type="cond" truecount="1" falsecount="0"/>
        <line num="2" count="13" type="cond" truecount="2" falsecount="0"/>
        <line num="3" count="13" type="cond" truecount="2" falsecount="0"/>
        <line num="4" count="13" type="cond" truecount="2" falsecount="0"/>
        <line num="6" count="13" type="stmt"/>
        <line num="8" count="24" type="stmt"/>
        <line num="11" count="6" type="cond" truecount="1" falsecount="1"/>
        <line num="12" count="6" type="stmt"/>
        <line num="16" count="6" type="cond" truecount="1" falsecount="1"/>
        <line num="17" count="6" type="stmt"/>
        <line num="21" count="24" type="stmt"/>
        <line num="24" count="24" type="stmt"/>
      </file>
    </package>
    <package name="src.serverCounter">
      <metrics statements="13" coveredstatements="9" conditionals="4" coveredconditionals="2" methods="7" coveredmethods="3"/>
      <file name="counter.js" path="/Users/dong-wongim/Downloads/frontend-testing/src/serverCounter/counter.js">
        <metrics statements="13" coveredstatements="9" conditionals="4" coveredconditionals="2" methods="7" coveredmethods="3"/>
        <line num="6" count="1" type="stmt"/>
        <line num="7" count="1" type="stmt"/>
        <line num="10" count="1" type="cond" truecount="1" falsecount="1"/>
        <line num="11" count="1" type="cond" truecount="1" falsecount="1"/>
        <line num="13" count="1" type="stmt"/>
        <line num="20" count="1" type="stmt"/>
        <line num="21" count="1" type="stmt"/>
        <line num="24" count="1" type="stmt"/>
        <line num="25" count="0" type="stmt"/>
        <line num="26" count="0" type="stmt"/>
        <line num="30" count="1" type="stmt"/>
        <line num="31" count="0" type="stmt"/>
        <line num="32" count="0" type="stmt"/>
      </file>
    </package>
    <package name="src.uiCounter">
      <metrics statements="13" coveredstatements="13" conditionals="4" coveredconditionals="4" methods="4" coveredmethods="4"/>
      <file name="counter.js" path="/Users/dong-wongim/Downloads/frontend-testing/src/uiCounter/counter.js">
        <metrics statements="13" coveredstatements="13" conditionals="4" coveredconditionals="4" methods="4" coveredmethods="4"/>
        <line num="5" count="17" type="stmt"/>
        <line num="6" count="17" type="stmt"/>
        <line num="9" count="31" type="stmt"/>
        <line num="10" count="31" type="cond" truecount="2" falsecount="0"/>
        <line num="11" count="31" type="cond" truecount="2" falsecount="0"/>
        <line num="13" count="31" type="stmt"/>
        <line num="20" count="17" type="stmt"/>
        <line num="22" count="17" type="stmt"/>
        <line num="23" count="7" type="stmt"/>
        <line num="24" count="7" type="stmt"/>
        <line num="27" count="17" type="stmt"/>
        <line num="28" count="7" type="stmt"/>
        <line num="29" count="7" type="stmt"/>
      </file>
    </package>
  </project>
</coverage>
