{"/Users/dong-wongim/Downloads/frontend-testing/src/counter.js": {"path":"/Users/dong-wongim/Downloads/frontend-testing/src/counter.js","statementMap":{"0":{"start":{"line":2,"column":13},"end":{"line":2,"column":33}},"1":{"start":{"line":3,"column":1},"end":{"line":19,"column":3}},"2":{"start":{"line":5,"column":3},"end":{"line":5,"column":16}},"3":{"start":{"line":8,"column":3},"end":{"line":8,"column":50}},"4":{"start":{"line":11,"column":3},"end":{"line":11,"column":50}},"5":{"start":{"line":14,"column":3},"end":{"line":14,"column":37}},"6":{"start":{"line":17,"column":3},"end":{"line":17,"column":32}}},"fnMap":{"0":{"name":"createCounter","decl":{"start":{"line":1,"column":16},"end":{"line":1,"column":29}},"loc":{"start":{"line":1,"column":44},"end":{"line":20,"column":1}},"line":1},"1":{"name":"(anonymous_1)","decl":{"start":{"line":4,"column":2},"end":{"line":4,"column":3}},"loc":{"start":{"line":4,"column":8},"end":{"line":6,"column":3}},"line":4},"2":{"name":"(anonymous_2)","decl":{"start":{"line":7,"column":2},"end":{"line":7,"column":3}},"loc":{"start":{"line":7,"column":8},"end":{"line":9,"column":3}},"line":7},"3":{"name":"(anonymous_3)","decl":{"start":{"line":10,"column":2},"end":{"line":10,"column":3}},"loc":{"start":{"line":10,"column":8},"end":{"line":12,"column":3}},"line":10},"4":{"name":"(anonymous_4)","decl":{"start":{"line":13,"column":2},"end":{"line":13,"column":3}},"loc":{"start":{"line":13,"column":10},"end":{"line":15,"column":3}},"line":13},"5":{"name":"(anonymous_5)","decl":{"start":{"line":16,"column":2},"end":{"line":16,"column":3}},"loc":{"start":{"line":16,"column":10},"end":{"line":18,"column":3}},"line":16}},"branchMap":{"0":{"loc":{"start":{"line":1,"column":30},"end":{"line":1,"column":42}},"type":"default-arg","locations":[{"start":{"line":1,"column":40},"end":{"line":1,"column":42}}],"line":1},"1":{"loc":{"start":{"line":2,"column":13},"end":{"line":2,"column":33}},"type":"binary-expr","locations":[{"start":{"line":2,"column":13},"end":{"line":2,"column":28}},{"start":{"line":2,"column":32},"end":{"line":2,"column":33}}],"line":2},"2":{"loc":{"start":{"line":8,"column":10},"end":{"line":8,"column":49}},"type":"cond-expr","locations":[{"start":{"line":8,"column":34},"end":{"line":8,"column":39}},{"start":{"line":8,"column":42},"end":{"line":8,"column":49}}],"line":8},"3":{"loc":{"start":{"line":11,"column":10},"end":{"line":11,"column":49}},"type":"cond-expr","locations":[{"start":{"line":11,"column":34},"end":{"line":11,"column":39}},{"start":{"line":11,"column":42},"end":{"line":11,"column":49}}],"line":11},"4":{"loc":{"start":{"line":14,"column":10},"end":{"line":14,"column":36}},"type":"cond-expr","locations":[{"start":{"line":14,"column":24},"end":{"line":14,"column":28}},{"start":{"line":14,"column":31},"end":{"line":14,"column":36}}],"line":14}},"s":{"0":10,"1":10,"2":4,"3":2,"4":2,"5":2,"6":2},"f":{"0":10,"1":4,"2":2,"3":2,"4":2,"5":2},"b":{"0":[5],"1":[10,5],"2":[1,1],"3":[1,1],"4":[1,1]},"_coverageSchema":"43e27e138ebf9cfc5966b082cf9a028302ed4184","hash":"766fac826fff39e0dafd27a2c4f6ecb0be381052"}
,"/Users/dong-wongim/Downloads/frontend-testing/src/util.js": {"path":"/Users/dong-wongim/Downloads/frontend-testing/src/util.js","statementMap":{"0":{"start":{"line":2,"column":1},"end":{"line":2,"column":14}},"1":{"start":{"line":6,"column":1},"end":{"line":12,"column":2}},"2":{"start":{"line":7,"column":2},"end":{"line":7,"column":11}},"3":{"start":{"line":9,"column":15},"end":{"line":9,"column":23}},"4":{"start":{"line":10,"column":2},"end":{"line":10,"column":31}},"5":{"start":{"line":11,"column":2},"end":{"line":11,"column":16}}},"fnMap":{"0":{"name":"add","decl":{"start":{"line":1,"column":16},"end":{"line":1,"column":19}},"loc":{"start":{"line":1,"column":34},"end":{"line":3,"column":1}},"line":1},"1":{"name":"swap","decl":{"start":{"line":5,"column":16},"end":{"line":5,"column":20}},"loc":{"start":{"line":5,"column":24},"end":{"line":13,"column":1}},"line":5}},"branchMap":{"0":{"loc":{"start":{"line":1,"column":20},"end":{"line":1,"column":25}},"type":"default-arg","locations":[{"start":{"line":1,"column":24},"end":{"line":1,"column":25}}],"line":1},"1":{"loc":{"start":{"line":1,"column":27},"end":{"line":1,"column":32}},"type":"default-arg","locations":[{"start":{"line":1,"column":31},"end":{"line":1,"column":32}}],"line":1},"2":{"loc":{"start":{"line":6,"column":1},"end":{"line":12,"column":2}},"type":"if","locations":[{"start":{"line":6,"column":1},"end":{"line":12,"column":2}},{"start":{"line":6,"column":1},"end":{"line":12,"column":2}}],"line":6}},"s":{"0":3,"1":4,"2":2,"3":2,"4":2,"5":2},"f":{"0":3,"1":4},"b":{"0":[1],"1":[2],"2":[2,2]},"_coverageSchema":"43e27e138ebf9cfc5966b082cf9a028302ed4184","hash":"16092b6d980e3549dbdb59084b5712e72c96e5e0"}
,"/Users/dong-wongim/Downloads/frontend-testing/src/backup/counter.js": {"path":"/Users/dong-wongim/Downloads/frontend-testing/src/backup/counter.js","statementMap":{"0":{"start":{"line":1,"column":0},"end":{"line":27,"column":2}},"1":{"start":{"line":2,"column":13},"end":{"line":2,"column":33}},"2":{"start":{"line":3,"column":13},"end":{"line":3,"column":52}},"3":{"start":{"line":4,"column":13},"end":{"line":4,"column":52}},"4":{"start":{"line":6,"column":1},"end":{"line":26,"column":3}},"5":{"start":{"line":8,"column":3},"end":{"line":8,"column":16}},"6":{"start":{"line":11,"column":3},"end":{"line":13,"column":4}},"7":{"start":{"line":12,"column":4},"end":{"line":12,"column":15}},"8":{"start":{"line":16,"column":3},"end":{"line":18,"column":4}},"9":{"start":{"line":17,"column":4},"end":{"line":17,"column":15}},"10":{"start":{"line":21,"column":3},"end":{"line":21,"column":24}},"11":{"start":{"line":24,"column":3},"end":{"line":24,"column":24}}},"fnMap":{"0":{"name":"createCounter","decl":{"start":{"line":1,"column":40},"end":{"line":1,"column":53}},"loc":{"start":{"line":1,"column":68},"end":{"line":27,"column":1}},"line":1},"1":{"name":"(anonymous_1)","decl":{"start":{"line":7,"column":2},"end":{"line":7,"column":3}},"loc":{"start":{"line":7,"column":8},"end":{"line":9,"column":3}},"line":7},"2":{"name":"(anonymous_2)","decl":{"start":{"line":10,"column":2},"end":{"line":10,"column":3}},"loc":{"start":{"line":10,"column":8},"end":{"line":14,"column":3}},"line":10},"3":{"name":"(anonymous_3)","decl":{"start":{"line":15,"column":2},"end":{"line":15,"column":3}},"loc":{"start":{"line":15,"column":8},"end":{"line":19,"column":3}},"line":15},"4":{"name":"(anonymous_4)","decl":{"start":{"line":20,"column":2},"end":{"line":20,"column":3}},"loc":{"start":{"line":20,"column":10},"end":{"line":22,"column":3}},"line":20},"5":{"name":"(anonymous_5)","decl":{"start":{"line":23,"column":2},"end":{"line":23,"column":3}},"loc":{"start":{"line":23,"column":10},"end":{"line":25,"column":3}},"line":23}},"branchMap":{"0":{"loc":{"start":{"line":1,"column":54},"end":{"line":1,"column":66}},"type":"default-arg","locations":[{"start":{"line":1,"column":64},"end":{"line":1,"column":66}}],"line":1},"1":{"loc":{"start":{"line":2,"column":13},"end":{"line":2,"column":33}},"type":"binary-expr","locations":[{"start":{"line":2,"column":13},"end":{"line":2,"column":28}},{"start":{"line":2,"column":32},"end":{"line":2,"column":33}}],"line":2},"2":{"loc":{"start":{"line":3,"column":13},"end":{"line":3,"column":52}},"type":"binary-expr","locations":[{"start":{"line":3,"column":13},"end":{"line":3,"column":24}},{"start":{"line":3,"column":28},"end":{"line":3,"column":52}}],"line":3},"3":{"loc":{"start":{"line":4,"column":13},"end":{"line":4,"column":52}},"type":"binary-expr","locations":[{"start":{"line":4,"column":13},"end":{"line":4,"column":24}},{"start":{"line":4,"column":28},"end":{"line":4,"column":52}}],"line":4},"4":{"loc":{"start":{"line":11,"column":3},"end":{"line":13,"column":4}},"type":"if","locations":[{"start":{"line":11,"column":3},"end":{"line":13,"column":4}},{"start":{"line":11,"column":3},"end":{"line":13,"column":4}}],"line":11},"5":{"loc":{"start":{"line":16,"column":3},"end":{"line":18,"column":4}},"type":"if","locations":[{"start":{"line":16,"column":3},"end":{"line":18,"column":4}},{"start":{"line":16,"column":3},"end":{"line":18,"column":4}}],"line":16}},"s":{"0":5,"1":20,"2":20,"3":20,"4":20,"5":35,"6":10,"7":10,"8":10,"9":10,"10":35,"11":35},"f":{"0":20,"1":35,"2":10,"3":10,"4":35,"5":35},"b":{"0":[5],"1":[20,10],"2":[20,5],"3":[20,5],"4":[10,0],"5":[10,0]},"_coverageSchema":"43e27e138ebf9cfc5966b082cf9a028302ed4184","hash":"d153b0346664d7f13749809254785c7fa6f2d2a0"}
,"/Users/dong-wongim/Downloads/frontend-testing/src/serverCounter/counter.js": {"path":"/Users/dong-wongim/Downloads/frontend-testing/src/serverCounter/counter.js","statementMap":{"0":{"start":{"line":6,"column":13},"end":{"line":6,"column":18}},"1":{"start":{"line":7,"column":17},"end":{"line":7,"column":39}},"2":{"start":{"line":10,"column":22},"end":{"line":10,"column":45}},"3":{"start":{"line":11,"column":22},"end":{"line":11,"column":45}},"4":{"start":{"line":13,"column":2},"end":{"line":17,"column":7}},"5":{"start":{"line":20,"column":1},"end":{"line":22,"column":4}},"6":{"start":{"line":21,"column":2},"end":{"line":21,"column":15}},"7":{"start":{"line":24,"column":1},"end":{"line":28,"column":4}},"8":{"start":{"line":25,"column":2},"end":{"line":27,"column":5}},"9":{"start":{"line":26,"column":3},"end":{"line":26,"column":16}},"10":{"start":{"line":30,"column":1},"end":{"line":34,"column":4}},"11":{"start":{"line":31,"column":2},"end":{"line":33,"column":5}},"12":{"start":{"line":32,"column":3},"end":{"line":32,"column":16}}},"fnMap":{"0":{"name":"createServerCounter","decl":{"start":{"line":5,"column":16},"end":{"line":5,"column":35}},"loc":{"start":{"line":5,"column":49},"end":{"line":35,"column":1}},"line":5},"1":{"name":"render","decl":{"start":{"line":9,"column":10},"end":{"line":9,"column":16}},"loc":{"start":{"line":9,"column":42},"end":{"line":18,"column":2}},"line":9},"2":{"name":"(anonymous_2)","decl":{"start":{"line":20,"column":28},"end":{"line":20,"column":29}},"loc":{"start":{"line":20,"column":42},"end":{"line":22,"column":2}},"line":20},"3":{"name":"(anonymous_3)","decl":{"start":{"line":24,"column":29},"end":{"line":24,"column":30}},"loc":{"start":{"line":24,"column":35},"end":{"line":28,"column":2}},"line":24},"4":{"name":"(anonymous_4)","decl":{"start":{"line":25,"column":33},"end":{"line":25,"column":34}},"loc":{"start":{"line":25,"column":47},"end":{"line":27,"column":3}},"line":25},"5":{"name":"(anonymous_5)","decl":{"start":{"line":30,"column":29},"end":{"line":30,"column":30}},"loc":{"start":{"line":30,"column":35},"end":{"line":34,"column":2}},"line":30},"6":{"name":"(anonymous_6)","decl":{"start":{"line":31,"column":33},"end":{"line":31,"column":34}},"loc":{"start":{"line":31,"column":47},"end":{"line":33,"column":3}},"line":31}},"branchMap":{"0":{"loc":{"start":{"line":10,"column":22},"end":{"line":10,"column":45}},"type":"cond-expr","locations":[{"start":{"line":10,"column":30},"end":{"line":10,"column":40}},{"start":{"line":10,"column":43},"end":{"line":10,"column":45}}],"line":10},"1":{"loc":{"start":{"line":11,"column":22},"end":{"line":11,"column":45}},"type":"cond-expr","locations":[{"start":{"line":11,"column":30},"end":{"line":11,"column":40}},{"start":{"line":11,"column":43},"end":{"line":11,"column":45}}],"line":11}},"s":{"0":5,"1":5,"2":7,"3":7,"4":7,"5":5,"6":5,"7":5,"8":1,"9":1,"10":5,"11":1,"12":1},"f":{"0":5,"1":7,"2":5,"3":1,"4":1,"5":1,"6":1},"b":{"0":[0,7],"1":[0,7]},"_coverageSchema":"43e27e138ebf9cfc5966b082cf9a028302ed4184","hash":"2f49b09aca674c6827786ee88154e802133e463a"}
,"/Users/dong-wongim/Downloads/frontend-testing/src/uiCounter/counter.js": {"path":"/Users/dong-wongim/Downloads/frontend-testing/src/uiCounter/counter.js","statementMap":{"0":{"start":{"line":5,"column":13},"end":{"line":5,"column":18}},"1":{"start":{"line":6,"column":17},"end":{"line":6,"column":39}},"2":{"start":{"line":9,"column":14},"end":{"line":9,"column":27}},"3":{"start":{"line":10,"column":22},"end":{"line":10,"column":55}},"4":{"start":{"line":11,"column":22},"end":{"line":11,"column":55}},"5":{"start":{"line":13,"column":2},"end":{"line":17,"column":7}},"6":{"start":{"line":20,"column":1},"end":{"line":20,"column":10}},"7":{"start":{"line":22,"column":1},"end":{"line":25,"column":4}},"8":{"start":{"line":23,"column":2},"end":{"line":23,"column":16}},"9":{"start":{"line":24,"column":2},"end":{"line":24,"column":11}},"10":{"start":{"line":27,"column":1},"end":{"line":30,"column":4}},"11":{"start":{"line":28,"column":2},"end":{"line":28,"column":16}},"12":{"start":{"line":29,"column":2},"end":{"line":29,"column":11}}},"fnMap":{"0":{"name":"createUICounter","decl":{"start":{"line":4,"column":16},"end":{"line":4,"column":31}},"loc":{"start":{"line":4,"column":45},"end":{"line":31,"column":1}},"line":4},"1":{"name":"render","decl":{"start":{"line":8,"column":10},"end":{"line":8,"column":16}},"loc":{"start":{"line":8,"column":19},"end":{"line":18,"column":2}},"line":8},"2":{"name":"(anonymous_2)","decl":{"start":{"line":22,"column":29},"end":{"line":22,"column":30}},"loc":{"start":{"line":22,"column":35},"end":{"line":25,"column":2}},"line":22},"3":{"name":"(anonymous_3)","decl":{"start":{"line":27,"column":29},"end":{"line":27,"column":30}},"loc":{"start":{"line":27,"column":35},"end":{"line":30,"column":2}},"line":27}},"branchMap":{"0":{"loc":{"start":{"line":10,"column":22},"end":{"line":10,"column":55}},"type":"cond-expr","locations":[{"start":{"line":10,"column":40},"end":{"line":10,"column":50}},{"start":{"line":10,"column":53},"end":{"line":10,"column":55}}],"line":10},"1":{"loc":{"start":{"line":11,"column":22},"end":{"line":11,"column":55}},"type":"cond-expr","locations":[{"start":{"line":11,"column":40},"end":{"line":11,"column":50}},{"start":{"line":11,"column":53},"end":{"line":11,"column":55}}],"line":11}},"s":{"0":20,"1":20,"2":42,"3":42,"4":42,"5":42,"6":20,"7":20,"8":11,"9":11,"10":20,"11":11,"12":11},"f":{"0":20,"1":42,"2":11,"3":11},"b":{"0":[4,38],"1":[4,38]},"_coverageSchema":"43e27e138ebf9cfc5966b082cf9a028302ed4184","hash":"d256791ca975a5a9949755e8cd4d165ad7d5ad32"}
}
