{"/Users/dong-wongim/Downloads/frontend-testing/src/counter.js": {"path":"/Users/dong-wongim/Downloads/frontend-testing/src/counter.js","statementMap":{"0":{"start":{"line":2,"column":13},"end":{"line":2,"column":33}},"1":{"start":{"line":3,"column":1},"end":{"line":19,"column":3}},"2":{"start":{"line":5,"column":3},"end":{"line":5,"column":16}},"3":{"start":{"line":8,"column":3},"end":{"line":8,"column":18}},"4":{"start":{"line":11,"column":3},"end":{"line":11,"column":18}},"5":{"start":{"line":14,"column":3},"end":{"line":14,"column":16}},"6":{"start":{"line":17,"column":3},"end":{"line":17,"column":28}}},"fnMap":{"0":{"name":"createCounter","decl":{"start":{"line":1,"column":16},"end":{"line":1,"column":29}},"loc":{"start":{"line":1,"column":44},"end":{"line":20,"column":1}},"line":1},"1":{"name":"(anonymous_1)","decl":{"start":{"line":4,"column":2},"end":{"line":4,"column":3}},"loc":{"start":{"line":4,"column":8},"end":{"line":6,"column":3}},"line":4},"2":{"name":"(anonymous_2)","decl":{"start":{"line":7,"column":2},"end":{"line":7,"column":3}},"loc":{"start":{"line":7,"column":8},"end":{"line":9,"column":3}},"line":7},"3":{"name":"(anonymous_3)","decl":{"start":{"line":10,"column":2},"end":{"line":10,"column":3}},"loc":{"start":{"line":10,"column":8},"end":{"line":12,"column":3}},"line":10},"4":{"name":"(anonymous_4)","decl":{"start":{"line":13,"column":2},"end":{"line":13,"column":3}},"loc":{"start":{"line":13,"column":10},"end":{"line":15,"column":3}},"line":13},"5":{"name":"(anonymous_5)","decl":{"start":{"line":16,"column":2},"end":{"line":16,"column":3}},"loc":{"start":{"line":16,"column":10},"end":{"line":18,"column":3}},"line":16}},"branchMap":{"0":{"loc":{"start":{"line":1,"column":30},"end":{"line":1,"column":42}},"type":"default-arg","locations":[{"start":{"line":1,"column":40},"end":{"line":1,"column":42}}],"line":1},"1":{"loc":{"start":{"line":2,"column":13},"end":{"line":2,"column":33}},"type":"binary-expr","locations":[{"start":{"line":2,"column":13},"end":{"line":2,"column":28}},{"start":{"line":2,"column":32},"end":{"line":2,"column":33}}],"line":2}},"s":{"0":7,"1":7,"2":4,"3":1,"4":1,"5":1,"6":2},"f":{"0":7,"1":4,"2":1,"3":1,"4":1,"5":2},"b":{"0":[5],"1":[7,5]},"_coverageSchema":"43e27e138ebf9cfc5966b082cf9a028302ed4184","hash":"3ea85f20df52e91761f70b13afe39738543a620e"}
,"/Users/dong-wongim/Downloads/frontend-testing/src/util.js": {"path":"/Users/dong-wongim/Downloads/frontend-testing/src/util.js","statementMap":{"0":{"start":{"line":2,"column":1},"end":{"line":2,"column":14}},"1":{"start":{"line":6,"column":1},"end":{"line":10,"column":2}},"2":{"start":{"line":7,"column":2},"end":{"line":7,"column":11}},"3":{"start":{"line":9,"column":2},"end":{"line":9,"column":28}}},"fnMap":{"0":{"name":"add","decl":{"start":{"line":1,"column":16},"end":{"line":1,"column":19}},"loc":{"start":{"line":1,"column":34},"end":{"line":3,"column":1}},"line":1},"1":{"name":"swap","decl":{"start":{"line":5,"column":16},"end":{"line":5,"column":20}},"loc":{"start":{"line":5,"column":24},"end":{"line":11,"column":1}},"line":5}},"branchMap":{"0":{"loc":{"start":{"line":1,"column":20},"end":{"line":1,"column":25}},"type":"default-arg","locations":[{"start":{"line":1,"column":24},"end":{"line":1,"column":25}}],"line":1},"1":{"loc":{"start":{"line":1,"column":27},"end":{"line":1,"column":32}},"type":"default-arg","locations":[{"start":{"line":1,"column":31},"end":{"line":1,"column":32}}],"line":1},"2":{"loc":{"start":{"line":6,"column":1},"end":{"line":10,"column":2}},"type":"if","locations":[{"start":{"line":6,"column":1},"end":{"line":10,"column":2}},{"start":{"line":6,"column":1},"end":{"line":10,"column":2}}],"line":6}},"s":{"0":3,"1":4,"2":2,"3":2},"f":{"0":3,"1":4},"b":{"0":[1],"1":[2],"2":[2,2]},"_coverageSchema":"43e27e138ebf9cfc5966b082cf9a028302ed4184","hash":"486e32960076b15b05a9ef55e42c68b9a524c8d9"}
,"/Users/dong-wongim/Downloads/frontend-testing/src/backup/counter.js": {"path":"/Users/dong-wongim/Downloads/frontend-testing/src/backup/counter.js","statementMap":{"0":{"start":{"line":1,"column":0},"end":{"line":27,"column":2}},"1":{"start":{"line":2,"column":14},"end":{"line":2,"column":34}},"2":{"start":{"line":3,"column":14},"end":{"line":3,"column":53}},"3":{"start":{"line":4,"column":14},"end":{"line":4,"column":53}},"4":{"start":{"line":6,"column":2},"end":{"line":26,"column":4}},"5":{"start":{"line":8,"column":6},"end":{"line":8,"column":19}},"6":{"start":{"line":11,"column":6},"end":{"line":13,"column":7}},"7":{"start":{"line":12,"column":8},"end":{"line":12,"column":19}},"8":{"start":{"line":16,"column":6},"end":{"line":18,"column":7}},"9":{"start":{"line":17,"column":8},"end":{"line":17,"column":19}},"10":{"start":{"line":21,"column":6},"end":{"line":21,"column":27}},"11":{"start":{"line":24,"column":6},"end":{"line":24,"column":27}}},"fnMap":{"0":{"name":"createCounter","decl":{"start":{"line":1,"column":40},"end":{"line":1,"column":53}},"loc":{"start":{"line":1,"column":68},"end":{"line":27,"column":1}},"line":1},"1":{"name":"(anonymous_1)","decl":{"start":{"line":7,"column":4},"end":{"line":7,"column":5}},"loc":{"start":{"line":7,"column":10},"end":{"line":9,"column":5}},"line":7},"2":{"name":"(anonymous_2)","decl":{"start":{"line":10,"column":4},"end":{"line":10,"column":5}},"loc":{"start":{"line":10,"column":10},"end":{"line":14,"column":5}},"line":10},"3":{"name":"(anonymous_3)","decl":{"start":{"line":15,"column":4},"end":{"line":15,"column":5}},"loc":{"start":{"line":15,"column":10},"end":{"line":19,"column":5}},"line":15},"4":{"name":"(anonymous_4)","decl":{"start":{"line":20,"column":4},"end":{"line":20,"column":5}},"loc":{"start":{"line":20,"column":12},"end":{"line":22,"column":5}},"line":20},"5":{"name":"(anonymous_5)","decl":{"start":{"line":23,"column":4},"end":{"line":23,"column":5}},"loc":{"start":{"line":23,"column":12},"end":{"line":25,"column":5}},"line":23}},"branchMap":{"0":{"loc":{"start":{"line":1,"column":54},"end":{"line":1,"column":66}},"type":"default-arg","locations":[{"start":{"line":1,"column":64},"end":{"line":1,"column":66}}],"line":1},"1":{"loc":{"start":{"line":2,"column":14},"end":{"line":2,"column":34}},"type":"binary-expr","locations":[{"start":{"line":2,"column":14},"end":{"line":2,"column":29}},{"start":{"line":2,"column":33},"end":{"line":2,"column":34}}],"line":2},"2":{"loc":{"start":{"line":3,"column":14},"end":{"line":3,"column":53}},"type":"binary-expr","locations":[{"start":{"line":3,"column":14},"end":{"line":3,"column":25}},{"start":{"line":3,"column":29},"end":{"line":3,"column":53}}],"line":3},"3":{"loc":{"start":{"line":4,"column":14},"end":{"line":4,"column":53}},"type":"binary-expr","locations":[{"start":{"line":4,"column":14},"end":{"line":4,"column":25}},{"start":{"line":4,"column":29},"end":{"line":4,"column":53}}],"line":4},"4":{"loc":{"start":{"line":11,"column":6},"end":{"line":13,"column":7}},"type":"if","locations":[{"start":{"line":11,"column":6},"end":{"line":13,"column":7}},{"start":{"line":11,"column":6},"end":{"line":13,"column":7}}],"line":11},"5":{"loc":{"start":{"line":16,"column":6},"end":{"line":18,"column":7}},"type":"if","locations":[{"start":{"line":16,"column":6},"end":{"line":18,"column":7}},{"start":{"line":16,"column":6},"end":{"line":18,"column":7}}],"line":16}},"s":{"0":5,"1":13,"2":13,"3":13,"4":13,"5":24,"6":6,"7":6,"8":6,"9":6,"10":24,"11":24},"f":{"0":13,"1":24,"2":6,"3":6,"4":24,"5":24},"b":{"0":[3],"1":[13,3],"2":[13,3],"3":[13,3],"4":[6,0],"5":[6,0]},"_coverageSchema":"43e27e138ebf9cfc5966b082cf9a028302ed4184","hash":"a07c2013d2372936d8b33c14d3872e8330b7ebcc"}
,"/Users/dong-wongim/Downloads/frontend-testing/src/serverCounter/counter.js": {"path":"/Users/dong-wongim/Downloads/frontend-testing/src/serverCounter/counter.js","statementMap":{"0":{"start":{"line":6,"column":14},"end":{"line":6,"column":19}},"1":{"start":{"line":7,"column":18},"end":{"line":7,"column":40}},"2":{"start":{"line":10,"column":24},"end":{"line":10,"column":47}},"3":{"start":{"line":11,"column":24},"end":{"line":11,"column":47}},"4":{"start":{"line":13,"column":4},"end":{"line":17,"column":7}},"5":{"start":{"line":20,"column":2},"end":{"line":22,"column":5}},"6":{"start":{"line":21,"column":4},"end":{"line":21,"column":17}},"7":{"start":{"line":24,"column":2},"end":{"line":28,"column":5}},"8":{"start":{"line":25,"column":4},"end":{"line":27,"column":7}},"9":{"start":{"line":26,"column":6},"end":{"line":26,"column":19}},"10":{"start":{"line":30,"column":2},"end":{"line":34,"column":5}},"11":{"start":{"line":31,"column":4},"end":{"line":33,"column":7}},"12":{"start":{"line":32,"column":6},"end":{"line":32,"column":19}}},"fnMap":{"0":{"name":"createServerCounter","decl":{"start":{"line":5,"column":16},"end":{"line":5,"column":35}},"loc":{"start":{"line":5,"column":49},"end":{"line":35,"column":1}},"line":5},"1":{"name":"render","decl":{"start":{"line":9,"column":11},"end":{"line":9,"column":17}},"loc":{"start":{"line":9,"column":43},"end":{"line":18,"column":3}},"line":9},"2":{"name":"(anonymous_2)","decl":{"start":{"line":20,"column":29},"end":{"line":20,"column":30}},"loc":{"start":{"line":20,"column":43},"end":{"line":22,"column":3}},"line":20},"3":{"name":"(anonymous_3)","decl":{"start":{"line":24,"column":30},"end":{"line":24,"column":31}},"loc":{"start":{"line":24,"column":36},"end":{"line":28,"column":3}},"line":24},"4":{"name":"(anonymous_4)","decl":{"start":{"line":25,"column":35},"end":{"line":25,"column":36}},"loc":{"start":{"line":25,"column":49},"end":{"line":27,"column":5}},"line":25},"5":{"name":"(anonymous_5)","decl":{"start":{"line":30,"column":30},"end":{"line":30,"column":31}},"loc":{"start":{"line":30,"column":36},"end":{"line":34,"column":3}},"line":30},"6":{"name":"(anonymous_6)","decl":{"start":{"line":31,"column":35},"end":{"line":31,"column":36}},"loc":{"start":{"line":31,"column":49},"end":{"line":33,"column":5}},"line":31}},"branchMap":{"0":{"loc":{"start":{"line":10,"column":24},"end":{"line":10,"column":47}},"type":"cond-expr","locations":[{"start":{"line":10,"column":32},"end":{"line":10,"column":42}},{"start":{"line":10,"column":45},"end":{"line":10,"column":47}}],"line":10},"1":{"loc":{"start":{"line":11,"column":24},"end":{"line":11,"column":47}},"type":"cond-expr","locations":[{"start":{"line":11,"column":32},"end":{"line":11,"column":42}},{"start":{"line":11,"column":45},"end":{"line":11,"column":47}}],"line":11}},"s":{"0":1,"1":1,"2":1,"3":1,"4":1,"5":1,"6":1,"7":1,"8":0,"9":0,"10":1,"11":0,"12":0},"f":{"0":1,"1":1,"2":1,"3":0,"4":0,"5":0,"6":0},"b":{"0":[0,1],"1":[0,1]},"_coverageSchema":"43e27e138ebf9cfc5966b082cf9a028302ed4184","hash":"c75e7d5f03e4fe618e3b450ac16a9935995a494e"}
,"/Users/dong-wongim/Downloads/frontend-testing/src/uiCounter/counter.js": {"path":"/Users/dong-wongim/Downloads/frontend-testing/src/uiCounter/counter.js","statementMap":{"0":{"start":{"line":5,"column":13},"end":{"line":5,"column":18}},"1":{"start":{"line":6,"column":17},"end":{"line":6,"column":39}},"2":{"start":{"line":9,"column":14},"end":{"line":9,"column":27}},"3":{"start":{"line":10,"column":22},"end":{"line":10,"column":55}},"4":{"start":{"line":11,"column":22},"end":{"line":11,"column":55}},"5":{"start":{"line":13,"column":2},"end":{"line":17,"column":7}},"6":{"start":{"line":20,"column":1},"end":{"line":20,"column":10}},"7":{"start":{"line":22,"column":1},"end":{"line":25,"column":4}},"8":{"start":{"line":23,"column":2},"end":{"line":23,"column":16}},"9":{"start":{"line":24,"column":2},"end":{"line":24,"column":11}},"10":{"start":{"line":27,"column":1},"end":{"line":30,"column":4}},"11":{"start":{"line":28,"column":2},"end":{"line":28,"column":16}},"12":{"start":{"line":29,"column":2},"end":{"line":29,"column":11}}},"fnMap":{"0":{"name":"createUICounter","decl":{"start":{"line":4,"column":16},"end":{"line":4,"column":31}},"loc":{"start":{"line":4,"column":45},"end":{"line":31,"column":1}},"line":4},"1":{"name":"render","decl":{"start":{"line":8,"column":10},"end":{"line":8,"column":16}},"loc":{"start":{"line":8,"column":19},"end":{"line":18,"column":2}},"line":8},"2":{"name":"(anonymous_2)","decl":{"start":{"line":22,"column":29},"end":{"line":22,"column":30}},"loc":{"start":{"line":22,"column":35},"end":{"line":25,"column":2}},"line":22},"3":{"name":"(anonymous_3)","decl":{"start":{"line":27,"column":29},"end":{"line":27,"column":30}},"loc":{"start":{"line":27,"column":35},"end":{"line":30,"column":2}},"line":27}},"branchMap":{"0":{"loc":{"start":{"line":10,"column":22},"end":{"line":10,"column":55}},"type":"cond-expr","locations":[{"start":{"line":10,"column":40},"end":{"line":10,"column":50}},{"start":{"line":10,"column":53},"end":{"line":10,"column":55}}],"line":10},"1":{"loc":{"start":{"line":11,"column":22},"end":{"line":11,"column":55}},"type":"cond-expr","locations":[{"start":{"line":11,"column":40},"end":{"line":11,"column":50}},{"start":{"line":11,"column":53},"end":{"line":11,"column":55}}],"line":11}},"s":{"0":17,"1":17,"2":31,"3":31,"4":31,"5":31,"6":17,"7":17,"8":7,"9":7,"10":17,"11":7,"12":7},"f":{"0":17,"1":31,"2":7,"3":7},"b":{"0":[3,28],"1":[3,28]},"_coverageSchema":"43e27e138ebf9cfc5966b082cf9a028302ed4184","hash":"d256791ca975a5a9949755e8cd4d165ad7d5ad32"}
}
