TN:
SF:/Users/dong-wongim/Downloads/frontend-testing/src/counter.js
FN:1,createCounter
FN:4,(anonymous_1)
FN:7,(anonymous_2)
FN:10,(anonymous_3)
FN:13,(anonymous_4)
FN:16,(anonymous_5)
FNF:6
FNH:6
FNDA:10,createCounter
FNDA:4,(anonymous_1)
FNDA:2,(anonymous_2)
FNDA:2,(anonymous_3)
FNDA:2,(anonymous_4)
FNDA:2,(anonymous_5)
DA:2,10
DA:3,10
DA:5,4
DA:8,2
DA:11,2
DA:14,2
DA:17,2
LF:7
LH:7
BRDA:1,0,0,5
BRDA:2,1,0,10
BRDA:2,1,1,5
BRDA:8,2,0,1
BRDA:8,2,1,1
BRDA:11,3,0,1
BRDA:11,3,1,1
BRDA:14,4,0,1
BRDA:14,4,1,1
BRF:9
BRH:9
end_of_record
TN:
SF:/Users/dong-wongim/Downloads/frontend-testing/src/util.js
FN:1,add
FN:5,swap
FNF:2
FNH:2
FNDA:3,add
FNDA:4,swap
DA:2,3
DA:6,4
DA:7,2
DA:9,2
DA:10,2
DA:11,2
LF:6
LH:6
BRDA:1,0,0,1
BRDA:1,1,0,2
BRDA:6,2,0,2
BRDA:6,2,1,2
BRF:4
BRH:4
end_of_record
TN:
SF:/Users/dong-wongim/Downloads/frontend-testing/src/backup/counter.js
FN:1,createCounter
FN:7,(anonymous_1)
FN:10,(anonymous_2)
FN:15,(anonymous_3)
FN:20,(anonymous_4)
FN:23,(anonymous_5)
FNF:6
FNH:6
FNDA:20,createCounter
FNDA:35,(anonymous_1)
FNDA:10,(anonymous_2)
FNDA:10,(anonymous_3)
FNDA:35,(anonymous_4)
FNDA:35,(anonymous_5)
DA:1,5
DA:2,20
DA:3,20
DA:4,20
DA:6,20
DA:8,35
DA:11,10
DA:12,10
DA:16,10
DA:17,10
DA:21,35
DA:24,35
LF:12
LH:12
BRDA:1,0,0,5
BRDA:2,1,0,20
BRDA:2,1,1,10
BRDA:3,2,0,20
BRDA:3,2,1,5
BRDA:4,3,0,20
BRDA:4,3,1,5
BRDA:11,4,0,10
BRDA:11,4,1,0
BRDA:16,5,0,10
BRDA:16,5,1,0
BRF:11
BRH:9
end_of_record
TN:
SF:/Users/dong-wongim/Downloads/frontend-testing/src/serverCounter/counter.js
FN:5,createServerCounter
FN:9,render
FN:20,(anonymous_2)
FN:24,(anonymous_3)
FN:25,(anonymous_4)
FN:30,(anonymous_5)
FN:31,(anonymous_6)
FNF:7
FNH:7
FNDA:5,createServerCounter
FNDA:7,render
FNDA:5,(anonymous_2)
FNDA:1,(anonymous_3)
FNDA:1,(anonymous_4)
FNDA:1,(anonymous_5)
FNDA:1,(anonymous_6)
DA:6,5
DA:7,5
DA:10,7
DA:11,7
DA:13,7
DA:20,5
DA:21,5
DA:24,5
DA:25,1
DA:26,1
DA:30,5
DA:31,1
DA:32,1
LF:13
LH:13
BRDA:10,0,0,0
BRDA:10,0,1,7
BRDA:11,1,0,0
BRDA:11,1,1,7
BRF:4
BRH:2
end_of_record
TN:
SF:/Users/dong-wongim/Downloads/frontend-testing/src/uiCounter/counter.js
FN:4,createUICounter
FN:8,render
FN:22,(anonymous_2)
FN:27,(anonymous_3)
FNF:4
FNH:4
FNDA:20,createUICounter
FNDA:42,render
FNDA:11,(anonymous_2)
FNDA:11,(anonymous_3)
DA:5,20
DA:6,20
DA:9,42
DA:10,42
DA:11,42
DA:13,42
DA:20,20
DA:22,20
DA:23,11
DA:24,11
DA:27,20
DA:28,11
DA:29,11
LF:13
LH:13
BRDA:10,0,0,4
BRDA:10,0,1,38
BRDA:11,1,0,4
BRDA:11,1,1,38
BRF:4
BRH:4
end_of_record
