TN:
SF:/Users/dong-wongim/Downloads/frontend-testing/src/counter.js
FN:1,createCounter
FN:4,(anonymous_1)
FN:7,(anonymous_2)
FN:10,(anonymous_3)
FN:13,(anonymous_4)
FN:16,(anonymous_5)
FNF:6
FNH:6
FNDA:7,createCounter
FNDA:4,(anonymous_1)
FNDA:1,(anonymous_2)
FNDA:1,(anonymous_3)
FNDA:1,(anonymous_4)
FNDA:2,(anonymous_5)
DA:2,7
DA:3,7
DA:5,4
DA:8,1
DA:11,1
DA:14,1
DA:17,2
LF:7
LH:7
BRDA:1,0,0,5
BRDA:2,1,0,7
BRDA:2,1,1,5
BRF:3
BRH:3
end_of_record
TN:
SF:/Users/dong-wongim/Downloads/frontend-testing/src/util.js
FN:1,add
FN:5,swap
FNF:2
FNH:2
FNDA:3,add
FNDA:4,swap
DA:2,3
DA:6,4
DA:7,2
DA:9,2
LF:4
LH:4
BRDA:1,0,0,1
BRDA:1,1,0,2
BRDA:6,2,0,2
BRDA:6,2,1,2
BRF:4
BRH:4
end_of_record
TN:
SF:/Users/dong-wongim/Downloads/frontend-testing/src/backup/counter.js
FN:1,createCounter
FN:7,(anonymous_1)
FN:10,(anonymous_2)
FN:15,(anonymous_3)
FN:20,(anonymous_4)
FN:23,(anonymous_5)
FNF:6
FNH:6
FNDA:13,createCounter
FNDA:24,(anonymous_1)
FNDA:6,(anonymous_2)
FNDA:6,(anonymous_3)
FNDA:24,(anonymous_4)
FNDA:24,(anonymous_5)
DA:1,5
DA:2,13
DA:3,13
DA:4,13
DA:6,13
DA:8,24
DA:11,6
DA:12,6
DA:16,6
DA:17,6
DA:21,24
DA:24,24
LF:12
LH:12
BRDA:1,0,0,3
BRDA:2,1,0,13
BRDA:2,1,1,3
BRDA:3,2,0,13
BRDA:3,2,1,3
BRDA:4,3,0,13
BRDA:4,3,1,3
BRDA:11,4,0,6
BRDA:11,4,1,0
BRDA:16,5,0,6
BRDA:16,5,1,0
BRF:11
BRH:9
end_of_record
TN:
SF:/Users/dong-wongim/Downloads/frontend-testing/src/serverCounter/counter.js
FN:5,createServerCounter
FN:9,render
FN:20,(anonymous_2)
FN:24,(anonymous_3)
FN:25,(anonymous_4)
FN:30,(anonymous_5)
FN:31,(anonymous_6)
FNF:7
FNH:3
FNDA:1,createServerCounter
FNDA:1,render
FNDA:1,(anonymous_2)
FNDA:0,(anonymous_3)
FNDA:0,(anonymous_4)
FNDA:0,(anonymous_5)
FNDA:0,(anonymous_6)
DA:6,1
DA:7,1
DA:10,1
DA:11,1
DA:13,1
DA:20,1
DA:21,1
DA:24,1
DA:25,0
DA:26,0
DA:30,1
DA:31,0
DA:32,0
LF:13
LH:9
BRDA:10,0,0,0
BRDA:10,0,1,1
BRDA:11,1,0,0
BRDA:11,1,1,1
BRF:4
BRH:2
end_of_record
TN:
SF:/Users/dong-wongim/Downloads/frontend-testing/src/uiCounter/counter.js
FN:4,createUICounter
FN:8,render
FN:22,(anonymous_2)
FN:27,(anonymous_3)
FNF:4
FNH:4
FNDA:17,createUICounter
FNDA:31,render
FNDA:7,(anonymous_2)
FNDA:7,(anonymous_3)
DA:5,17
DA:6,17
DA:9,31
DA:10,31
DA:11,31
DA:13,31
DA:20,17
DA:22,17
DA:23,7
DA:24,7
DA:27,17
DA:28,7
DA:29,7
LF:13
LH:13
BRDA:10,0,0,3
BRDA:10,0,1,28
BRDA:11,1,0,3
BRDA:11,1,1,28
BRF:4
BRH:4
end_of_record
